2018-02-01 21:54:03 1156  [WARNING] No driver on selected net. Press 'Cancel' to choose driver now. - The "Cancel" button was selected
2018-02-01 21:54:16 1156  [WARNING] Warning: No probes are enabled. Please enable at least one before simulating.
2018-02-01 22:08:16 1156  [WARNING] Warning: No probes are enabled. Please enable at least one before simulating.
2018-02-01 22:10:20 1156     [INFO] HyperLynx: Save changes to HW2? - The "No" button was selected
2018-02-01 22:10:23 1156     [INFO] Closing Schematic: HW2.ffs
2018-02-01 22:10:26 1156     [INFO] ****** Closing HyperLynx 
2018-02-02 16:46:22 2436     [INFO] Opening Schematic: C:\Users\nagar\Desktop\ECEN5224\HW\HW2\HW2.ffs
2018-02-02 18:07:23 2436     [INFO] HyperLynx: Save changes to HW2? - The "No" button was selected
2018-02-02 18:07:25 2436     [INFO] Closing Schematic: HW2.ffs
2018-02-02 18:07:28 2436     [INFO] ****** Closing HyperLynx 
2018-02-02 18:07:38 3960     [INFO] Opening Schematic: C:\Users\nagar\Desktop\ECEN5224\HW\HW2\HW2.ffs
2018-02-02 18:07:43 3960     [INFO] HyperLynx: Save changes to HW2? - The "Cancel" button was selected
2018-02-02 19:06:49 3960     [INFO] HyperLynx: Save changes to HW2? - The "No" button was selected
2018-02-02 19:06:51 3960     [INFO] Closing Schematic: HW2.ffs
2018-02-02 19:06:53 3960     [INFO] ****** Closing HyperLynx 
2018-02-02 19:07:03 11436     [INFO] Opening Schematic: C:\Users\nagar\Desktop\ECEN5224\HW\HW2\HW2.ffs
2018-02-02 19:07:15 11436  [WARNING] No driver on selected net. Press 'Cancel' to choose driver now. - The "Cancel" button was selected
2018-02-02 23:24:19 11436     [INFO] HyperLynx: Save changes to HW2? - The "Yes" button was selected
2018-02-02 23:24:39 11436     [INFO] Closing Schematic: HW2.ffs
2018-02-03 09:58:05 10808     [INFO] Opening Schematic: C:\Users\nagar\Desktop\ECEN5224\HW\HW2\HW2.ffs
2018-02-03 10:15:25 6580     [INFO] Opening Schematic: C:\Users\nagar\Desktop\ECEN5224\HW\HW2\HW2.ffs
2018-02-03 19:14:36 9492     [INFO] Opening Schematic: C:\Users\nagar\Desktop\ECEN5224\HW\HW2\HW2.ffs
2018-02-03 23:01:25 9492     [INFO] Closing Schematic: HW2.ffs
2018-02-03 23:01:27 9492     [INFO] ****** Closing HyperLynx 
2018-02-04 10:21:42 6224     [INFO] ****** Closing HyperLynx 
2018-02-04 10:22:00 10160     [INFO] Opening Schematic: C:\Users\nagar\Desktop\ECEN5224\HW\HW2\HW2.ffs
2018-02-04 11:08:52 10160     [INFO] HyperLynx: Save changes to HW2? - The "Yes" button was selected
2018-02-04 11:08:56 10160     [INFO] Closing Schematic: HW2.ffs
2018-02-04 11:09:02 10160     [INFO] ****** Closing HyperLynx 
