2018-03-18 19:04:01 1664     [INFO] Closing Schematic: HW8.ffs
2018-03-18 19:16:13 6196     [INFO] Opening Schematic: C:\Users\nagar\Desktop\ECEN5224\HW\HW8\HW8.ffs
2018-03-18 19:16:46 6196    [ERROR] HyperLynx: No schematic pins mapped on S ports. Nothing to export.
2018-03-18 19:23:03 6196     [INFO] Closing Schematic: HW8.ffs
2018-03-18 19:23:06 6196     [INFO] ****** Closing HyperLynx 
2018-03-18 19:23:14  104     [INFO] Opening Schematic: C:\Users\nagar\Desktop\ECEN5224\HW\HW8\HW8.ffs
2018-03-18 21:20:46  104     [INFO] HyperLynx: Save changes to HW8? - The "Yes" button was selected
2018-03-18 21:20:47  104     [INFO] Closing Schematic: HW8.ffs
2018-03-18 21:20:50  104     [INFO] ****** Closing HyperLynx 
2018-03-19 14:36:35 11816     [INFO] Opening Schematic: C:\Users\nagar\Desktop\ECEN5224\HW\HW8\HW8.ffs
2018-03-19 16:26:30 11816     [INFO] Closing Schematic: HW8.ffs
2018-03-19 16:26:33 11816     [INFO] ****** Closing HyperLynx 
2018-03-25 09:36:09 6768     [INFO] ****** Closing HyperLynx 
2018-04-15 09:23:17   32     [INFO] Opening Schematic: C:\Users\nagar\Desktop\ECEN5224\HW\HW8\HW8.ffs
2018-04-15 09:49:21   32     [INFO] HyperLynx: Save changes to HW8? - The "Yes" button was selected
2018-04-15 09:49:22   32     [INFO] Closing Schematic: HW8.ffs
2018-04-15 09:49:25   32     [INFO] ****** Closing HyperLynx 
2018-04-15 09:54:55 11760     [INFO] Opening Schematic: C:\Users\nagar\Desktop\ECEN5224\HW\HW8\HW8.ffs
2018-04-15 12:06:28 11760     [INFO] HyperLynx: Save changes to HW8? - The "Yes" button was selected
2018-04-15 12:06:31 11760     [INFO] Closing Schematic: HW8.ffs
2018-04-15 12:06:34 11760     [INFO] ****** Closing HyperLynx 
